<?xml version="1.0" encoding="UTF-8"?>
<testsuite name="org.javaguru.travel.insurance.core.TravelCalculatePremiumRequestValidatorTest" tests="5" skipped="0" failures="0" errors="0" timestamp="2025-02-09T20:13:02" hostname="Nikita.lan" time="0.485">
  <properties/>
  <testcase name="FirstName передача пустого значения" classname="org.javaguru.travel.insurance.core.TravelCalculatePremiumRequestValidatorTest" time="0.473"/>
  <testcase name="FirstName передача заполненного значения" classname="org.javaguru.travel.insurance.core.TravelCalculatePremiumRequestValidatorTest" time="0.004"/>
  <testcase name="FirstName передача null LastName не Null" classname="org.javaguru.travel.insurance.core.TravelCalculatePremiumRequestValidatorTest" time="0.002"/>
  <testcase name="FirstName передача null" classname="org.javaguru.travel.insurance.core.TravelCalculatePremiumRequestValidatorTest" time="0.002"/>
  <testcase name="FirstName передача null LastName не Null" classname="org.javaguru.travel.insurance.core.TravelCalculatePremiumRequestValidatorTest" time="0.002"/>
  <system-out><![CDATA[]]></system-out>
  <system-err><![CDATA[Mockito is currently self-attaching to enable the inline-mock-maker. This will no longer work in future releases of the JDK. Please add Mockito as an agent to your build as described in Mockito's documentation: https://javadoc.io/doc/org.mockito/mockito-core/latest/org/mockito/Mockito.html#0.3
WARNING: A Java agent has been loaded dynamically (/Users/a---/.gradle/caches/modules-2/files-2.1/net.bytebuddy/byte-buddy-agent/1.15.11/a38b16385e867f59a641330f0362ebe742788ed8/byte-buddy-agent-1.15.11.jar)
WARNING: If a serviceability tool is in use, please run with -XX:+EnableDynamicAgentLoading to hide this warning
WARNING: If a serviceability tool is not in use, please run with -Djdk.instrument.traceUsage for more information
WARNING: Dynamic loading of agents will be disallowed by default in a future release
]]></system-err>
</testsuite>
